<?xml version="1.0" encoding="UTF-8"?>
<beans xmlns="http://www.springframework.org/schema/beans"
	xmlns:ctx="http://www.springframework.org/schema/context"
	xmlns:tx="http://www.springframework.org/schema/tx" xmlns:aop="http://www.springframework.org/schema/aop"
	xmlns:xsi="http://www.w3.org/2001/XMLSchema-instance"
	xsi:schemaLocation="http://www.springframework.org/schema/beans
						   http://www.springframework.org/schema/beans/spring-beans-3.1.xsd
						   http://www.springframework.org/schema/context
						   http://www.springframework.org/schema/context/spring-context-3.1.xsd">

	<!-- Dozer bean mapper for assembling entities to DTO -->
	<bean id="mapper" class="org.dozer.DozerBeanMapper">
  		<property name="mappingFiles">
    		<list>
      			<value>dozerContext.xml</value>
    		</list>
  		</property>
	</bean>
	
	<!-- DTO Assembler -->
	<bean id="assembler" class="ca.gc.ic.cipo.core.dao.dto.dozer.DTOAssembler">
		<property name="mapper" ref="mapper" />
	</bean>
	
</beans>

