<?xml version="1.0" encoding="UTF-8"?>
<beans xmlns="http://www.springframework.org/schema/beans"
	xmlns:ctx="http://www.springframework.org/schema/context" xmlns:tx="http://www.springframework.org/schema/tx"
	xmlns:aop="http://www.springframework.org/schema/aop" xmlns:xsi="http://www.w3.org/2001/XMLSchema-instance"
	xsi:schemaLocation="http://www.springframework.org/schema/beans
						   http://www.springframework.org/schema/beans/spring-beans-3.1.xsd
						   http://www.springframework.org/schema/context
						   http://www.springframework.org/schema/context/spring-context-3.1.xsd">

	<bean id="messageFactory"
		class="ca.gc.ic.cipo.core.msg.spring.SpringLocalizedMessageBundleFactory">
	</bean>

	<bean id="messageManager" class="ca.gc.ic.cipo.core.msg.utils.LocalizedMessageManager"  
		factory-method="getInstance">
		<property name="factory" ref="messageFactory"/>
	</bean>
	
	<!-- bean id="messageFactoryPostProcessor" 
		class="ca.gc.ic.cipo.core.msg.spring.SpringLocalizedMessageRepositoryFactoryPostProcessor">
	</bean-->

</beans>

